adrian No se encuentra en el sistema
el directorio de adrian No existe
el usuario adrian ha sido creado
Proyecto Autocaravaneando clonado...
Dentro de Autocaravaneando...
dependencias instaladas...
adrian No se encuentra en el sistema
el directorio de adrian No existe
el usuario adrian ha sido creado
Proyecto Autocaravaneando clonado...
Dentro de Autocaravaneando...
dependencias instaladas...
adrian No se encuentra en el sistema
el directorio de adrian No existe
el usuario adrian ha sido creado
Proyecto Autocaravaneando clonado...
Dentro de Autocaravaneando...
dependencias instaladas...
adrian No se encuentra en el sistema
el directorio de adrian No existe
el usuario adrian ha sido creado
Proyecto Autocaravaneando clonado...
adrian No se encuentra en el sistema
el directorio de adrian No existe
el usuario adrian ha sido creado
Proyecto pokeapi clonado...
adrian No se encuentra en el sistema
el directorio de adrian No existe
el usuario adrian ha sido creado
Proyecto caravaneando clonado...
adrian No se encuentra en el sistema
el directorio de adrian No existe
el usuario adrian ha sido creado
Proyecto Autocaravaneando clonado...
adrian No se encuentra en el sistema
el directorio de adrian No existe
el usuario adrian ha sido creado
Proyecto PokeAPI-HLC clonado...
Dentro de PokeAPI-HLC...
adrian No se encuentra en el sistema
el directorio de adrian No existe
el usuario adrian ha sido creado
Proyecto PokeAPI-HLC clonado...
Dentro de PokeAPI-HLC...
dependencias instaladas...
adrian No se encuentra en el sistema
el directorio de adrian No existe
el usuario adrian ha sido creado
Proyecto PokeAPI-HLC clonado...
Dentro de PokeAPI-HLC...
dependencias instaladas...
adrian No se encuentra en el sistema
el directorio de adrian No existe
el usuario adrian ha sido creado
Proyecto PokeAPI-HLC clonado...
Dentro de PokeAPI-HLC...
dependencias instaladas...
adrian No se encuentra en el sistema
el directorio de adrian No existe
el usuario adrian ha sido creado
Proyecto PokeAPI-HLC clonado...
Dentro de PokeAPI-HLC...
dependencias instaladas...
adrian No se encuentra en el sistema
el directorio de adrian No existe
el usuario adrian ha sido creado
Proyecto PokeAPI-HLC clonado...
Dentro de PokeAPI-HLC...
dependencias instaladas...
adrian No se encuentra en el sistema
el directorio de adrian No existe
el usuario adrian ha sido creado
Proyecto PokeAPI-HLC clonado...
adrian No se encuentra en el sistema
el directorio de adrian No existe
el usuario adrian ha sido creado
Proyecto PokeAPI-HLC clonado...
adrian No se encuentra en el sistema
el directorio de adrian No existe
el usuario adrian ha sido creado
Proyecto PokeAPI-HLC clonado...
Dentro de PokeAPI-HLC...
dependencias instaladas...
adrian No se encuentra en el sistema
el directorio de adrian No existe
el usuario adrian ha sido creado
Proyecto PokeAPI-HLC clonado...
Dentro de PokeAPI-HLC...
dependencias instaladas...
adrian No se encuentra en el sistema
el directorio de adrian No existe
el usuario adrian ha sido creado
Proyecto PokeAPI-HLC clonado...
Dentro de PokeAPI-HLC...
dependencias instaladas...
adrian No se encuentra en el sistema
el directorio de adrian No existe
el usuario adrian ha sido creado
Proyecto PokeAPI-HLC clonado...
Dentro de PokeAPI-HLC...
dependencias instaladas...
adrian No se encuentra en el sistema
el directorio de adrian No existe
el usuario adrian ha sido creado
Proyecto PokeAPI-HLC clonado...
Dentro de PokeAPI-HLC...
dependencias instaladas...
adrian No se encuentra en el sistema
el directorio de adrian No existe
el usuario adrian ha sido creado
Proyecto PokeAPI-HLC clonado...
Dentro de PokeAPI-HLC...
adrian No se encuentra en el sistema
el directorio de adrian No existe
el usuario adrian ha sido creado
Proyecto PokeAPI-HLC clonado...
Dentro de PokeAPI-HLC...
dependencias instaladas...
adrian No se encuentra en el sistema
el directorio de adrian No existe
el usuario adrian ha sido creado
Proyecto PokeAPI-HLC clonado...
Dentro de PokeAPI-HLC...
dependencias instaladas...
adrian No se encuentra en el sistema
el directorio de adrian No existe
el usuario adrian ha sido creado
Proyecto PokeAPI-HLC clonado...
Dentro de PokeAPI-HLC...
dependencias instaladas...
adrian No se encuentra en el sistema
el directorio de adrian No existe
el usuario adrian ha sido creado
Proyecto PokeAPI-HLC clonado...
Dentro de PokeAPI-HLC...
dependencias instaladas...
adrian No se encuentra en el sistema
el directorio de adrian No existe
el usuario adrian ha sido creado
Proyecto PokeAPI-HLC clonado...
Dentro de PokeAPI-HLC...
dependencias instaladas...
adrian No se encuentra en el sistema
el directorio de adrian No existe
el usuario adrian ha sido creado
Proyecto PokeAPI-HLC clonado...
Dentro de PokeAPI-HLC...
dependencias instaladas...
